2025-05-14 20:18:37.420 [info] [main] Log level: Info
2025-05-14 20:18:37.420 [info] [main] Validating found git in: "git"
2025-05-14 20:18:37.420 [info] [main] Using git "2.43.0" from "git"
2025-05-14 20:18:37.420 [info] [Model][doInitialScan] Initial repository scan started
2025-05-14 20:18:37.420 [info] > git rev-parse --show-toplevel [2ms]
2025-05-14 20:18:37.420 [info] fatal: not a git repository (or any parent up to mount point /)
Stopping at filesystem boundary (GIT_DISCOVERY_ACROSS_FILESYSTEM not set).
2025-05-14 20:18:37.420 [info] > git rev-parse --show-toplevel [4ms]
2025-05-14 20:18:37.420 [info] fatal: not a git repository (or any parent up to mount point /)
Stopping at filesystem boundary (GIT_DISCOVERY_ACROSS_FILESYSTEM not set).
2025-05-14 20:18:37.420 [info] > git rev-parse --show-toplevel [17ms]
2025-05-14 20:18:37.420 [info] fatal: not a git repository (or any parent up to mount point /)
Stopping at filesystem boundary (GIT_DISCOVERY_ACROSS_FILESYSTEM not set).
2025-05-14 20:18:37.421 [info] > git rev-parse --show-toplevel [3ms]
2025-05-14 20:18:37.421 [info] fatal: not a git repository (or any parent up to mount point /)
Stopping at filesystem boundary (GIT_DISCOVERY_ACROSS_FILESYSTEM not set).
2025-05-14 20:18:37.424 [info] > git rev-parse --show-toplevel [1ms]
2025-05-14 20:18:37.424 [info] fatal: not a git repository (or any parent up to mount point /)
Stopping at filesystem boundary (GIT_DISCOVERY_ACROSS_FILESYSTEM not set).
2025-05-14 20:18:37.426 [info] [Model][doInitialScan] Initial repository scan completed - repositories (0), closed repositories (0), parent repositories (0), unsafe repositories (0)
2025-05-14 20:18:39.344 [info] > git rev-parse --show-toplevel [3ms]
2025-05-14 20:18:39.344 [info] fatal: not a git repository (or any parent up to mount point /)
Stopping at filesystem boundary (GIT_DISCOVERY_ACROSS_FILESYSTEM not set).
