2025-05-14 13:21:33.163 [info] Extension host with pid 872 started
2025-05-14 13:21:33.163 [error] Error: EEXIST: file already exists, open '/config/data/User/workspaceStorage/-10525282/vscode.lock'
2025-05-14 13:21:33.163 [info] Lock '/config/data/User/workspaceStorage/-10525282/vscode.lock': Could not acquire lock, checking if the file is stale.
2025-05-14 13:21:33.168 [info] Lock '/config/data/User/workspaceStorage/-10525282/vscode.lock': The pid 1088 appears to be gone.
2025-05-14 13:21:33.168 [info] Lock '/config/data/User/workspaceStorage/-10525282/vscode.lock': Deleting a stale lock.
2025-05-14 13:21:33.221 [info] ExtensionService#_doActivateExtension vscode.emmet, startup: false, activationEvent: 'onLanguage'
2025-05-14 13:21:33.222 [info] ExtensionService#_doActivateExtension vscode.configuration-editing, startup: false, activationEvent: 'onLanguage:jsonc'
2025-05-14 13:21:33.222 [info] ExtensionService#_doActivateExtension vscode.json-language-features, startup: false, activationEvent: 'onLanguage:jsonc'
2025-05-14 13:21:33.222 [info] ExtensionService#_doActivateExtension vscode.typescript-language-features, startup: false, activationEvent: 'onLanguage:jsonc'
2025-05-14 13:21:33.317 [info] Lock '/config/data/User/workspaceStorage/-10525282/vscode.lock': Lock acquired.
2025-05-14 13:21:33.454 [info] ExtensionService#_doActivateExtension vscode.git-base, startup: true, activationEvent: '*', root cause: vscode.git
2025-05-14 13:21:33.459 [info] ExtensionService#_doActivateExtension vscode.git, startup: true, activationEvent: '*'
2025-05-14 13:21:33.459 [info] ExtensionService#_doActivateExtension vscode.github, startup: true, activationEvent: '*'
2025-05-14 13:21:33.519 [info] Eager extensions activated
2025-05-14 13:21:33.519 [info] ExtensionService#_doActivateExtension vscode.debug-auto-launch, startup: false, activationEvent: 'onStartupFinished'
2025-05-14 13:21:33.519 [info] ExtensionService#_doActivateExtension vscode.merge-conflict, startup: false, activationEvent: 'onStartupFinished'
2025-05-14 13:24:20.946 [info] ExtensionService#_doActivateExtension vscode.npm, startup: false, activationEvent: 'onTerminalQuickFixRequest:ms-vscode.npm-command'
2025-05-14 20:18:33.377 [info] Extension host terminating: received terminate message from renderer
2025-05-14 20:18:33.379 [info] Lock '/config/data/User/workspaceStorage/-10525282/vscode.lock': Marking the lockfile as scheduled to be released in 6000 ms.
2025-05-14 20:18:33.447 [info] Extension host with pid 872 exiting with code 0
