2025-05-15 06:56:49.155 [info] [main] Log level: Info
2025-05-15 06:56:49.155 [info] [main] Validating found git in: "git"
2025-05-15 06:56:49.155 [info] [main] Using git "2.43.0" from "git"
2025-05-15 06:56:49.155 [info] [Model][doInitialScan] Initial repository scan started
2025-05-15 06:56:49.155 [info] > git rev-parse --show-toplevel [14ms]
2025-05-15 06:56:49.155 [info] fatal: not a git repository (or any parent up to mount point /)
Stopping at filesystem boundary (GIT_DISCOVERY_ACROSS_FILESYSTEM not set).
2025-05-15 06:56:49.155 [info] > git rev-parse --show-toplevel [77ms]
2025-05-15 06:56:49.155 [info] fatal: not a git repository (or any parent up to mount point /)
Stopping at filesystem boundary (GIT_DISCOVERY_ACROSS_FILESYSTEM not set).
2025-05-15 06:56:49.155 [info] > git rev-parse --show-toplevel [3ms]
2025-05-15 06:56:49.155 [info] fatal: not a git repository (or any parent up to mount point /)
Stopping at filesystem boundary (GIT_DISCOVERY_ACROSS_FILESYSTEM not set).
2025-05-15 06:56:49.155 [info] > git rev-parse --show-toplevel [11ms]
2025-05-15 06:56:49.155 [info] fatal: not a git repository (or any parent up to mount point /)
Stopping at filesystem boundary (GIT_DISCOVERY_ACROSS_FILESYSTEM not set).
2025-05-15 06:56:49.157 [info] > git rev-parse --show-toplevel [3ms]
2025-05-15 06:56:49.157 [info] fatal: not a git repository (or any parent up to mount point /)
Stopping at filesystem boundary (GIT_DISCOVERY_ACROSS_FILESYSTEM not set).
2025-05-15 06:56:49.159 [info] [Model][doInitialScan] Initial repository scan completed - repositories (0), closed repositories (0), parent repositories (0), unsafe repositories (0)
2025-05-15 06:56:51.956 [info] > git rev-parse --show-toplevel [3ms]
2025-05-15 06:56:51.956 [info] fatal: not a git repository (or any parent up to mount point /)
Stopping at filesystem boundary (GIT_DISCOVERY_ACROSS_FILESYSTEM not set).
