File not found: /app/code-server/lib/vscode/node_modules/vsda/rust/web/vsda.js
File not found: /app/code-server/lib/vscode/node_modules/vsda/rust/web/vsda_bg.wasm
a socket was left hanging
a socket was left hanging
a socket was left hanging
a socket was left hanging
a socket was left hanging
File not found: /app/code-server/lib/vscode/node_modules/vsda/rust/web/vsda.js
File not found: /app/code-server/lib/vscode/node_modules/vsda/rust/web/vsda_bg.wasm
File not found: /app/code-server/lib/vscode/node_modules/vsda/rust/web/vsda_bg.wasm
File not found: /app/code-server/lib/vscode/node_modules/vsda/rust/web/vsda.js
[20:18:35] No ptyHost heartbeat after 6 seconds
File not found: /app/code-server/lib/vscode/node_modules/vsda/rust/web/vsda_bg.wasm
File not found: /app/code-server/lib/vscode/node_modules/vsda/rust/web/vsda.js
a socket was left hanging
a socket was left hanging
a socket was left hanging
a socket was left hanging
a socket was left hanging
a socket was left hanging
a socket was left hanging
a socket was left hanging
a socket was left hanging
File not found: /app/code-server/lib/vscode/node_modules/vsda/rust/web/vsda_bg.wasm
File not found: /app/code-server/lib/vscode/node_modules/vsda/rust/web/vsda.js
File not found: /app/code-server/lib/vscode/node_modules/vsda/rust/web/vsda.js
File not found: /app/code-server/lib/vscode/node_modules/vsda/rust/web/vsda_bg.wasm
File not found: /app/code-server/lib/vscode/node_modules/vsda/rust/web/vsda_bg.wasm
File not found: /app/code-server/lib/vscode/node_modules/vsda/rust/web/vsda.js
a socket was left hanging
a socket was left hanging
a socket was left hanging
a socket was left hanging
a socket was left hanging
a socket was left hanging
a socket was left hanging
a socket was left hanging
a socket was left hanging
a socket was left hanging
a socket was left hanging
a socket was left hanging
a socket was left hanging
a socket was left hanging
a socket was left hanging
a socket was left hanging
a socket was left hanging
a socket was left hanging
a socket was left hanging
a socket was left hanging
a socket was left hanging
a socket was left hanging
a socket was left hanging
a socket was left hanging
a socket was left hanging
a socket was left hanging
a socket was left hanging
a socket was left hanging
a socket was left hanging
a socket was left hanging
a socket was left hanging
a socket was left hanging
a socket was left hanging
a socket was left hanging
a socket was left hanging
a socket was left hanging
a socket was left hanging
a socket was left hanging
a socket was left hanging
a socket was left hanging
a socket was left hanging
a socket was left hanging
a socket was left hanging
[14:25:26] [172.20.0.1][30dd79dd][ManagementConnection] Unknown reconnection token (never seen).
[14:25:26] [172.20.0.1][1922c274][ExtensionHostConnection] Unknown reconnection token (never seen).
File not found: /app/code-server/lib/vscode/node_modules/vsda/rust/web/vsda.js
File not found: /app/code-server/lib/vscode/node_modules/vsda/rust/web/vsda_bg.wasm
a socket was left hanging
File not found: /app/code-server/lib/vscode/node_modules/vsda/rust/web/vsda_bg.wasm
File not found: /app/code-server/lib/vscode/node_modules/vsda/rust/web/vsda.js
a socket was left hanging
a socket was left hanging
a socket was left hanging
a socket was left hanging
a socket was left hanging
[19:46:29] [172.20.0.1][6774fed5][ManagementConnection] Unknown reconnection token (never seen).
[19:46:29] [172.20.0.1][c0ae919d][ExtensionHostConnection] Unknown reconnection token (never seen).
File not found: /app/code-server/lib/vscode/node_modules/vsda/rust/web/vsda_bg.wasm
File not found: /app/code-server/lib/vscode/node_modules/vsda/rust/web/vsda.js
File not found: /app/code-server/lib/vscode/node_modules/vsda/rust/web/vsda.js
File not found: /app/code-server/lib/vscode/node_modules/vsda/rust/web/vsda_bg.wasm
[20:16:28] RequestStore#acceptReply was called without receiving a matching request 23
[20:16:28] RequestStore#acceptReply was called without receiving a matching request 24
[20:16:28] RequestStore#acceptReply was called without receiving a matching request 25
[20:16:28] RequestStore#acceptReply was called without receiving a matching request 26
[20:16:28] RequestStore#acceptReply was called without receiving a matching request 27
[20:16:28] RequestStore#acceptReply was called without receiving a matching request 28
[20:16:28] RequestStore#acceptReply was called without receiving a matching request 29
[20:16:28] RequestStore#acceptReply was called without receiving a matching request 30
[20:16:28] RequestStore#acceptReply was called without receiving a matching request 31
[20:16:28] RequestStore#acceptReply was called without receiving a matching request 32
[20:16:28] RequestStore#acceptReply was called without receiving a matching request 33
[20:16:28] RequestStore#acceptReply was called without receiving a matching request 34
[20:16:28] RequestStore#acceptReply was called without receiving a matching request 35
[20:16:28] RequestStore#acceptReply was called without receiving a matching request 36
[20:16:28] RequestStore#acceptReply was called without receiving a matching request 37
[20:16:28] RequestStore#acceptReply was called without receiving a matching request 38
[20:16:28] RequestStore#acceptReply was called without receiving a matching request 39
[20:16:28] RequestStore#acceptReply was called without receiving a matching request 40
[20:16:28] RequestStore#acceptReply was called without receiving a matching request 41
[20:16:28] RequestStore#acceptReply was called without receiving a matching request 42
[20:16:28] RequestStore#acceptReply was called without receiving a matching request 43
[20:16:28] RequestStore#acceptReply was called without receiving a matching request 44
File not found: /app/code-server/lib/vscode/node_modules/vsda/rust/web/vsda_bg.wasm
File not found: /app/code-server/lib/vscode/node_modules/vsda/rust/web/vsda.js
[08:43:51] No ptyHost heartbeat after 6 seconds
[08:44:30] No ptyHost heartbeat after 6 seconds
[08:46:18] No ptyHost heartbeat after 6 seconds
[08:47:47] No ptyHost heartbeat after 6 seconds
[08:49:08] No ptyHost heartbeat after 6 seconds
[11:11:53] No ptyHost heartbeat after 6 seconds
a socket was left hanging
a socket was left hanging
a socket was left hanging
a socket was left hanging
a socket was left hanging
a socket was left hanging
a socket was left hanging
a socket was left hanging
a socket was left hanging
a socket was left hanging
a socket was left hanging
a socket was left hanging
[11:58:56] [172.20.0.1][025c1d71] Client refused: version mismatch.
[11:58:56] [172.20.0.1][6f748b76] Client refused: version mismatch.
File not found: /app/code-server/lib/vscode/node_modules/vsda/rust/web/vsda.js
File not found: /app/code-server/lib/vscode/node_modules/vsda/rust/web/vsda_bg.wasm
