2025-05-15 10:38:19.288 [info] [main] Log level: Info
2025-05-15 10:38:19.288 [info] [main] Validating found git in: "git"
2025-05-15 10:38:19.288 [info] [main] Using git "2.43.0" from "git"
2025-05-15 10:38:19.288 [info] [Model][doInitialScan] Initial repository scan started
2025-05-15 10:38:19.288 [info] > git rev-parse --show-toplevel [22ms]
2025-05-15 10:38:19.289 [info] fatal: not a git repository (or any parent up to mount point /)
Stopping at filesystem boundary (GIT_DISCOVERY_ACROSS_FILESYSTEM not set).
2025-05-15 10:38:19.289 [info] > git rev-parse --show-toplevel [19ms]
2025-05-15 10:38:19.289 [info] fatal: not a git repository (or any parent up to mount point /)
Stopping at filesystem boundary (GIT_DISCOVERY_ACROSS_FILESYSTEM not set).
2025-05-15 10:38:19.296 [info] > git rev-parse --show-toplevel [10ms]
2025-05-15 10:38:19.298 [info] fatal: not a git repository (or any parent up to mount point /)
Stopping at filesystem boundary (GIT_DISCOVERY_ACROSS_FILESYSTEM not set).
2025-05-15 10:38:19.322 [info] > git rev-parse --show-toplevel [13ms]
2025-05-15 10:38:19.323 [info] fatal: not a git repository (or any parent up to mount point /)
Stopping at filesystem boundary (GIT_DISCOVERY_ACROSS_FILESYSTEM not set).
2025-05-15 10:38:19.344 [info] > git rev-parse --show-toplevel [16ms]
2025-05-15 10:38:19.344 [info] fatal: not a git repository (or any parent up to mount point /)
Stopping at filesystem boundary (GIT_DISCOVERY_ACROSS_FILESYSTEM not set).
2025-05-15 10:38:19.347 [info] [Model][doInitialScan] Initial repository scan completed - repositories (0), closed repositories (0), parent repositories (0), unsafe repositories (0)
2025-05-15 10:38:19.874 [info] > git rev-parse --show-toplevel [5ms]
2025-05-15 10:38:19.874 [info] fatal: not a git repository (or any parent up to mount point /)
Stopping at filesystem boundary (GIT_DISCOVERY_ACROSS_FILESYSTEM not set).
2025-05-15 10:38:21.048 [info] > git rev-parse --show-toplevel [3ms]
2025-05-15 10:38:21.049 [info] fatal: not a git repository (or any parent up to mount point /)
Stopping at filesystem boundary (GIT_DISCOVERY_ACROSS_FILESYSTEM not set).
